{"/Users/dev/test-projects/book-keeper/backend/src/app.ts": {"path":"/Users/dev/test-projects/book-keeper/backend/src/app.ts","statementMap":{"0":{"start":{"line":1,"column":0},"end":{"line":1,"column":55}},"1":{"start":{"line":2,"column":0},"end":{"line":2,"column":24}},"2":{"start":{"line":3,"column":0},"end":{"line":3,"column":43}},"3":{"start":{"line":4,"column":0},"end":{"line":4,"column":50}},"4":{"start":{"line":5,"column":0},"end":{"line":5,"column":52}},"5":{"start":{"line":8,"column":12},"end":{"line":8,"column":21}},"6":{"start":{"line":11,"column":0},"end":{"line":11,"column":16}},"7":{"start":{"line":12,"column":0},"end":{"line":12,"column":24}},"8":{"start":{"line":15,"column":0},"end":{"line":15,"column":72}},"9":{"start":{"line":18,"column":0},"end":{"line":18,"column":34}},"10":{"start":{"line":21,"column":0},"end":{"line":26,"column":3}},"11":{"start":{"line":22,"column":2},"end":{"line":25,"column":5}},"12":{"start":{"line":29,"column":42},"end":{"line":37,"column":1}},"13":{"start":{"line":30,"column":17},"end":{"line":30,"column":34}},"14":{"start":{"line":31,"column":18},"end":{"line":31,"column":55}},"15":{"start":{"line":33,"column":2},"end":{"line":36,"column":5}},"16":{"start":{"line":39,"column":0},"end":{"line":39,"column":22}},"17":{"start":{"line":41,"column":0},"end":{"line":41,"column":19}}},"fnMap":{"0":{"name":"(anonymous_1)","decl":{"start":{"line":21,"column":8},"end":{"line":21,"column":9}},"loc":{"start":{"line":21,"column":40},"end":{"line":26,"column":1}}},"1":{"name":"(anonymous_2)","decl":{"start":{"line":29,"column":42},"end":{"line":29,"column":43}},"loc":{"start":{"line":29,"column":66},"end":{"line":37,"column":1}}}},"branchMap":{"0":{"loc":{"start":{"line":30,"column":17},"end":{"line":30,"column":34}},"type":"binary-expr","locations":[{"start":{"line":30,"column":17},"end":{"line":30,"column":27}},{"start":{"line":30,"column":31},"end":{"line":30,"column":34}}]},"1":{"loc":{"start":{"line":31,"column":18},"end":{"line":31,"column":55}},"type":"binary-expr","locations":[{"start":{"line":31,"column":18},"end":{"line":31,"column":29}},{"start":{"line":31,"column":33},"end":{"line":31,"column":55}}]}},"s":{"0":3,"1":3,"2":3,"3":3,"4":3,"5":3,"6":3,"7":3,"8":3,"9":3,"10":3,"11":1,"12":3,"13":1,"14":1,"15":1,"16":3,"17":3},"f":{"0":1,"1":1},"b":{"0":[1,0],"1":[1,0]}}
,"/Users/dev/test-projects/book-keeper/backend/src/database.ts": {"path":"/Users/dev/test-projects/book-keeper/backend/src/database.ts","statementMap":{"0":{"start":{"line":1,"column":0},"end":{"line":1,"column":46}},"1":{"start":{"line":3,"column":13},"end":{"line":3,"column":41}}},"fnMap":{},"branchMap":{},"s":{"0":0,"1":0},"f":{},"b":{}}
,"/Users/dev/test-projects/book-keeper/backend/src/server.ts": {"path":"/Users/dev/test-projects/book-keeper/backend/src/server.ts","statementMap":{"0":{"start":{"line":4,"column":0},"end":{"line":4,"column":16}},"1":{"start":{"line":1,"column":0},"end":{"line":1,"column":24}},"2":{"start":{"line":5,"column":17},"end":{"line":7,"column":4}},"3":{"start":{"line":6,"column":4},"end":{"line":6,"column":73}},"4":{"start":{"line":9,"column":2},"end":{"line":12,"column":5}},"5":{"start":{"line":10,"column":4},"end":{"line":10,"column":42}},"6":{"start":{"line":11,"column":4},"end":{"line":11,"column":20}},"7":{"start":{"line":14,"column":2},"end":{"line":14,"column":16}},"8":{"start":{"line":17,"column":0},"end":{"line":19,"column":1}},"9":{"start":{"line":18,"column":2},"end":{"line":18,"column":17}}},"fnMap":{"0":{"name":"createServer","decl":{"start":{"line":4,"column":16},"end":{"line":4,"column":28}},"loc":{"start":{"line":4,"column":28},"end":{"line":15,"column":1}}},"1":{"name":"(anonymous_2)","decl":{"start":{"line":5,"column":54},"end":{"line":5,"column":57}},"loc":{"start":{"line":5,"column":59},"end":{"line":7,"column":3}}},"2":{"name":"(anonymous_3)","decl":{"start":{"line":9,"column":21},"end":{"line":9,"column":22}},"loc":{"start":{"line":9,"column":38},"end":{"line":12,"column":3}}}},"branchMap":{"0":{"loc":{"start":{"line":5,"column":28},"end":{"line":5,"column":52}},"type":"binary-expr","locations":[{"start":{"line":5,"column":28},"end":{"line":5,"column":44}},{"start":{"line":5,"column":48},"end":{"line":5,"column":52}}]},"1":{"loc":{"start":{"line":6,"column":45},"end":{"line":6,"column":69}},"type":"binary-expr","locations":[{"start":{"line":6,"column":45},"end":{"line":6,"column":61}},{"start":{"line":6,"column":65},"end":{"line":6,"column":69}}]},"2":{"loc":{"start":{"line":17,"column":0},"end":{"line":19,"column":1}},"type":"if","locations":[{"start":{"line":17,"column":0},"end":{"line":19,"column":1}}]}},"s":{"0":1,"1":1,"2":3,"3":0,"4":3,"5":1,"6":1,"7":3,"8":1,"9":0},"f":{"0":3,"1":0,"2":1},"b":{"0":[3,2],"1":[0,0],"2":[0]}}
,"/Users/dev/test-projects/book-keeper/backend/src/api/books/books.controller.ts": {"path":"/Users/dev/test-projects/book-keeper/backend/src/api/books/books.controller.ts","statementMap":{"0":{"start":{"line":2,"column":0},"end":{"line":2,"column":46}},"1":{"start":{"line":13,"column":2},"end":{"line":28,"column":4}},"2":{"start":{"line":17,"column":6},"end":{"line":28,"column":4}},"3":{"start":{"line":18,"column":4},"end":{"line":27,"column":5}},"4":{"start":{"line":19,"column":23},"end":{"line":19,"column":31}},"5":{"start":{"line":20,"column":19},"end":{"line":20,"column":62}},"6":{"start":{"line":21,"column":6},"end":{"line":24,"column":9}},"7":{"start":{"line":26,"column":6},"end":{"line":26,"column":18}},"8":{"start":{"line":30,"column":2},"end":{"line":45,"column":4}},"9":{"start":{"line":34,"column":6},"end":{"line":45,"column":4}},"10":{"start":{"line":35,"column":4},"end":{"line":44,"column":5}},"11":{"start":{"line":36,"column":22},"end":{"line":36,"column":31}},"12":{"start":{"line":37,"column":20},"end":{"line":37,"column":60}},"13":{"start":{"line":38,"column":6},"end":{"line":41,"column":9}},"14":{"start":{"line":43,"column":6},"end":{"line":43,"column":18}},"15":{"start":{"line":47,"column":2},"end":{"line":63,"column":4}},"16":{"start":{"line":51,"column":6},"end":{"line":63,"column":4}},"17":{"start":{"line":52,"column":4},"end":{"line":62,"column":5}},"18":{"start":{"line":53,"column":17},"end":{"line":53,"column":44}},"19":{"start":{"line":54,"column":23},"end":{"line":54,"column":31}},"20":{"start":{"line":55,"column":26},"end":{"line":55,"column":73}},"21":{"start":{"line":56,"column":6},"end":{"line":59,"column":9}},"22":{"start":{"line":61,"column":6},"end":{"line":61,"column":18}},"23":{"start":{"line":65,"column":2},"end":{"line":76,"column":4}},"24":{"start":{"line":69,"column":6},"end":{"line":76,"column":4}},"25":{"start":{"line":70,"column":4},"end":{"line":75,"column":5}},"26":{"start":{"line":71,"column":6},"end":{"line":71,"column":55}},"27":{"start":{"line":72,"column":6},"end":{"line":72,"column":29}},"28":{"start":{"line":74,"column":6},"end":{"line":74,"column":18}},"29":{"start":{"line":10,"column":4},"end":{"line":10,"column":41}},"30":{"start":{"line":6,"column":0},"end":{"line":6,"column":13}}},"fnMap":{"0":{"name":"(anonymous_7)","decl":{"start":{"line":9,"column":2},"end":{"line":9,"column":null}},"loc":{"start":{"line":9,"column":2},"end":{"line":11,"column":3}}},"1":{"name":"(anonymous_8)","decl":{"start":{"line":13,"column":15},"end":{"line":13,"column":null}},"loc":{"start":{"line":17,"column":6},"end":{"line":28,"column":4}}},"2":{"name":"(anonymous_9)","decl":{"start":{"line":17,"column":6},"end":{"line":17,"column":null}},"loc":{"start":{"line":17,"column":6},"end":{"line":28,"column":3}}},"3":{"name":"(anonymous_10)","decl":{"start":{"line":30,"column":13},"end":{"line":30,"column":null}},"loc":{"start":{"line":34,"column":6},"end":{"line":45,"column":4}}},"4":{"name":"(anonymous_11)","decl":{"start":{"line":34,"column":6},"end":{"line":34,"column":null}},"loc":{"start":{"line":34,"column":6},"end":{"line":45,"column":3}}},"5":{"name":"(anonymous_12)","decl":{"start":{"line":47,"column":15},"end":{"line":47,"column":null}},"loc":{"start":{"line":51,"column":6},"end":{"line":63,"column":4}}},"6":{"name":"(anonymous_13)","decl":{"start":{"line":51,"column":6},"end":{"line":51,"column":null}},"loc":{"start":{"line":51,"column":6},"end":{"line":63,"column":3}}},"7":{"name":"(anonymous_14)","decl":{"start":{"line":65,"column":15},"end":{"line":65,"column":null}},"loc":{"start":{"line":69,"column":6},"end":{"line":76,"column":4}}},"8":{"name":"(anonymous_15)","decl":{"start":{"line":69,"column":6},"end":{"line":69,"column":null}},"loc":{"start":{"line":69,"column":6},"end":{"line":76,"column":3}}}},"branchMap":{},"s":{"0":4,"1":11,"2":3,"3":3,"4":3,"5":3,"6":2,"7":1,"8":11,"9":4,"10":4,"11":4,"12":4,"13":3,"14":1,"15":11,"16":3,"17":3,"18":3,"19":3,"20":3,"21":2,"22":1,"23":11,"24":3,"25":3,"26":3,"27":2,"28":1,"29":11,"30":4},"f":{"0":11,"1":3,"2":3,"3":4,"4":4,"5":3,"6":3,"7":3,"8":3},"b":{}}
,"/Users/dev/test-projects/book-keeper/backend/src/api/books/books.routes.ts": {"path":"/Users/dev/test-projects/book-keeper/backend/src/api/books/books.routes.ts","statementMap":{"0":{"start":{"line":1,"column":0},"end":{"line":1,"column":33}},"1":{"start":{"line":2,"column":0},"end":{"line":2,"column":52}},"2":{"start":{"line":3,"column":0},"end":{"line":3,"column":67}},"3":{"start":{"line":4,"column":0},"end":{"line":4,"column":50}},"4":{"start":{"line":6,"column":15},"end":{"line":6,"column":23}},"5":{"start":{"line":7,"column":23},"end":{"line":7,"column":43}},"6":{"start":{"line":9,"column":0},"end":{"line":9,"column":79}},"7":{"start":{"line":10,"column":0},"end":{"line":10,"column":41}},"8":{"start":{"line":11,"column":0},"end":{"line":15,"column":2}},"9":{"start":{"line":16,"column":0},"end":{"line":16,"column":49}},"10":{"start":{"line":18,"column":0},"end":{"line":18,"column":22}}},"fnMap":{},"branchMap":{},"s":{"0":3,"1":3,"2":3,"3":3,"4":3,"5":3,"6":3,"7":3,"8":3,"9":3,"10":3},"f":{},"b":{}}
,"/Users/dev/test-projects/book-keeper/backend/src/api/books/books.schema.ts": {"path":"/Users/dev/test-projects/book-keeper/backend/src/api/books/books.schema.ts","statementMap":{"0":{"start":{"line":1,"column":0},"end":{"line":1,"column":25}},"1":{"start":{"line":3,"column":13},"end":{"line":8,"column":3}},"2":{"start":{"line":10,"column":13},"end":{"line":19,"column":14}},"3":{"start":{"line":21,"column":13},"end":{"line":28,"column":3}}},"fnMap":{},"branchMap":{},"s":{"0":3,"1":3,"2":3,"3":3},"f":{},"b":{}}
,"/Users/dev/test-projects/book-keeper/backend/src/api/books/books.service.ts": {"path":"/Users/dev/test-projects/book-keeper/backend/src/api/books/books.service.ts","statementMap":{"0":{"start":{"line":1,"column":0},"end":{"line":1,"column":46}},"1":{"start":{"line":3,"column":0},"end":{"line":3,"column":48}},"2":{"start":{"line":5,"column":15},"end":{"line":5,"column":33}},"3":{"start":{"line":9,"column":4},"end":{"line":22,"column":5}},"4":{"start":{"line":10,"column":19},"end":{"line":15,"column":8}},"5":{"start":{"line":16,"column":6},"end":{"line":16,"column":18}},"6":{"start":{"line":18,"column":6},"end":{"line":20,"column":7}},"7":{"start":{"line":19,"column":8},"end":{"line":19,"column":55}},"8":{"start":{"line":21,"column":6},"end":{"line":21,"column":18}},"9":{"start":{"line":25,"column":17},"end":{"line":68,"column":null}},"10":{"start":{"line":26,"column":4},"end":{"line":67,"column":5}},"11":{"start":{"line":27,"column":19},"end":{"line":27,"column":44}},"12":{"start":{"line":28,"column":20},"end":{"line":28,"column":47}},"13":{"start":{"line":29,"column":40},"end":{"line":29,"column":47}},"14":{"start":{"line":30,"column":19},"end":{"line":30,"column":37}},"15":{"start":{"line":32,"column":25},"end":{"line":32,"column":27}},"16":{"start":{"line":34,"column":6},"end":{"line":38,"column":7}},"17":{"start":{"line":35,"column":8},"end":{"line":37,"column":10}},"18":{"start":{"line":40,"column":6},"end":{"line":44,"column":7}},"19":{"start":{"line":41,"column":8},"end":{"line":43,"column":10}},"20":{"start":{"line":46,"column":6},"end":{"line":52,"column":7}},"21":{"start":{"line":47,"column":8},"end":{"line":51,"column":10}},"22":{"start":{"line":54,"column":29},"end":{"line":62,"column":8}},"23":{"start":{"line":64,"column":6},"end":{"line":64,"column":49}},"24":{"start":{"line":66,"column":6},"end":{"line":66,"column":18}},"25":{"start":{"line":71,"column":4},"end":{"line":78,"column":5}},"26":{"start":{"line":72,"column":6},"end":{"line":75,"column":9}},"27":{"start":{"line":77,"column":6},"end":{"line":77,"column":18}},"28":{"start":{"line":82,"column":4},"end":{"line":84,"column":7}},"29":{"start":{"line":7,"column":0},"end":{"line":7,"column":13}}},"fnMap":{"0":{"name":"(anonymous_7)","decl":{"start":{"line":8,"column":8},"end":{"line":8,"column":18}},"loc":{"start":{"line":8,"column":42},"end":{"line":23,"column":null}}},"1":{"name":"(anonymous_9)","decl":{"start":{"line":25,"column":8},"end":{"line":25,"column":16}},"loc":{"start":{"line":25,"column":16},"end":{"line":68,"column":null}}},"2":{"name":"(anonymous_10)","decl":{"start":{"line":25,"column":17},"end":{"line":25,"column":40}},"loc":{"start":{"line":25,"column":42},"end":{"line":68,"column":3}}},"3":{"name":"(anonymous_11)","decl":{"start":{"line":70,"column":8},"end":{"line":70,"column":18}},"loc":{"start":{"line":70,"column":54},"end":{"line":79,"column":null}}},"4":{"name":"(anonymous_13)","decl":{"start":{"line":81,"column":8},"end":{"line":81,"column":18}},"loc":{"start":{"line":81,"column":29},"end":{"line":85,"column":null}}}},"branchMap":{"0":{"loc":{"start":{"line":13,"column":16},"end":{"line":13,"column":35}},"type":"cond-expr","locations":[{"start":{"line":13,"column":29},"end":{"line":13,"column":33}},{"start":{"line":13,"column":33},"end":{"line":13,"column":35}}]},"1":{"loc":{"start":{"line":13,"column":16},"end":{"line":13,"column":33}},"type":"binary-expr","locations":[{"start":{"line":13,"column":16},"end":{"line":13,"column":33}},{"start":{"line":13,"column":29},"end":{"line":13,"column":33}}]},"2":{"loc":{"start":{"line":18,"column":6},"end":{"line":20,"column":7}},"type":"if","locations":[{"start":{"line":18,"column":6},"end":{"line":20,"column":7}}]},"3":{"loc":{"start":{"line":25,"column":17},"end":{"line":25,"column":42}},"type":"default-arg","locations":[{"start":{"line":25,"column":40},"end":{"line":25,"column":42}}]},"4":{"loc":{"start":{"line":27,"column":19},"end":{"line":27,"column":44}},"type":"binary-expr","locations":[{"start":{"line":27,"column":19},"end":{"line":27,"column":39}},{"start":{"line":27,"column":43},"end":{"line":27,"column":44}}]},"5":{"loc":{"start":{"line":28,"column":20},"end":{"line":28,"column":47}},"type":"binary-expr","locations":[{"start":{"line":28,"column":20},"end":{"line":28,"column":41}},{"start":{"line":28,"column":45},"end":{"line":28,"column":47}}]},"6":{"loc":{"start":{"line":34,"column":6},"end":{"line":38,"column":7}},"type":"if","locations":[{"start":{"line":34,"column":6},"end":{"line":38,"column":7}}]},"7":{"loc":{"start":{"line":34,"column":10},"end":{"line":34,"column":23}},"type":"cond-expr","locations":[{"start":{"line":34,"column":15},"end":{"line":34,"column":17}},{"start":{"line":34,"column":10},"end":{"line":34,"column":23}}]},"8":{"loc":{"start":{"line":34,"column":10},"end":{"line":34,"column":17}},"type":"binary-expr","locations":[{"start":{"line":34,"column":10},"end":{"line":34,"column":17}},{"start":{"line":34,"column":10},"end":{"line":34,"column":17}}]},"9":{"loc":{"start":{"line":40,"column":6},"end":{"line":44,"column":7}},"type":"if","locations":[{"start":{"line":40,"column":6},"end":{"line":44,"column":7}}]},"10":{"loc":{"start":{"line":40,"column":10},"end":{"line":40,"column":24}},"type":"cond-expr","locations":[{"start":{"line":40,"column":16},"end":{"line":40,"column":18}},{"start":{"line":40,"column":10},"end":{"line":40,"column":24}}]},"11":{"loc":{"start":{"line":40,"column":10},"end":{"line":40,"column":18}},"type":"binary-expr","locations":[{"start":{"line":40,"column":10},"end":{"line":40,"column":18}},{"start":{"line":40,"column":10},"end":{"line":40,"column":18}}]},"12":{"loc":{"start":{"line":46,"column":6},"end":{"line":52,"column":7}},"type":"if","locations":[{"start":{"line":46,"column":6},"end":{"line":52,"column":7}}]},"13":{"loc":{"start":{"line":46,"column":10},"end":{"line":46,"column":24}},"type":"cond-expr","locations":[{"start":{"line":46,"column":16},"end":{"line":46,"column":18}},{"start":{"line":46,"column":10},"end":{"line":46,"column":24}}]},"14":{"loc":{"start":{"line":46,"column":10},"end":{"line":46,"column":18}},"type":"binary-expr","locations":[{"start":{"line":46,"column":10},"end":{"line":46,"column":18}},{"start":{"line":46,"column":10},"end":{"line":46,"column":18}}]}},"s":{"0":5,"1":5,"2":5,"3":4,"4":4,"5":2,"6":2,"7":1,"8":1,"9":9,"10":9,"11":9,"12":9,"13":9,"14":9,"15":9,"16":9,"17":3,"18":9,"19":2,"20":9,"21":2,"22":9,"23":8,"24":1,"25":3,"26":3,"27":1,"28":3,"29":5},"f":{"0":4,"1":9,"2":9,"3":3,"4":3},"b":{"0":[4,0],"1":[4,4],"2":[1],"3":[0],"4":[9,8],"5":[9,8],"6":[3],"7":[6,3],"8":[9,9],"9":[2],"10":[7,2],"11":[9,9],"12":[2],"13":[7,2],"14":[9,9]}}
,"/Users/dev/test-projects/book-keeper/backend/src/database/database.ts": {"path":"/Users/dev/test-projects/book-keeper/backend/src/database/database.ts","statementMap":{"0":{"start":{"line":10,"column":0},"end":{"line":10,"column":22}},"1":{"start":{"line":20,"column":0},"end":{"line":20,"column":22}},"2":{"start":{"line":1,"column":0},"end":{"line":1,"column":46}},"3":{"start":{"line":3,"column":13},"end":{"line":8,"column":3}},"4":{"start":{"line":11,"column":2},"end":{"line":17,"column":3}},"5":{"start":{"line":12,"column":4},"end":{"line":12,"column":28}},"6":{"start":{"line":13,"column":4},"end":{"line":13,"column":51}},"7":{"start":{"line":15,"column":4},"end":{"line":15,"column":56}},"8":{"start":{"line":16,"column":4},"end":{"line":16,"column":20}},"9":{"start":{"line":21,"column":2},"end":{"line":21,"column":29}},"10":{"start":{"line":24,"column":0},"end":{"line":26,"column":1}},"11":{"start":{"line":25,"column":2},"end":{"line":25,"column":20}}},"fnMap":{"0":{"name":"connectDatabase","decl":{"start":{"line":10,"column":22},"end":{"line":10,"column":37}},"loc":{"start":{"line":10,"column":37},"end":{"line":18,"column":null}}},"1":{"name":"disconnectDatabase","decl":{"start":{"line":20,"column":22},"end":{"line":20,"column":40}},"loc":{"start":{"line":20,"column":40},"end":{"line":22,"column":null}}}},"branchMap":{"0":{"loc":{"start":{"line":5,"column":4},"end":{"line":7,"column":17}},"type":"cond-expr","locations":[{"start":{"line":6,"column":8},"end":{"line":6,"column":34}},{"start":{"line":7,"column":8},"end":{"line":7,"column":17}}]},"1":{"loc":{"start":{"line":24,"column":0},"end":{"line":26,"column":1}},"type":"if","locations":[{"start":{"line":24,"column":0},"end":{"line":26,"column":1}}]}},"s":{"0":2,"1":2,"2":2,"3":2,"4":3,"5":3,"6":2,"7":1,"8":1,"9":1,"10":2,"11":0},"f":{"0":3,"1":1},"b":{"0":[0,2],"1":[0]}}
,"/Users/dev/test-projects/book-keeper/backend/src/middleware/errorHandler.ts": {"path":"/Users/dev/test-projects/book-keeper/backend/src/middleware/errorHandler.ts","statementMap":{"0":{"start":{"line":2,"column":0},"end":{"line":2,"column":45}},"1":{"start":{"line":4,"column":28},"end":{"line":22,"column":1}},"2":{"start":{"line":10,"column":2},"end":{"line":15,"column":3}},"3":{"start":{"line":11,"column":4},"end":{"line":14,"column":7}},"4":{"start":{"line":17,"column":2},"end":{"line":17,"column":31}},"5":{"start":{"line":18,"column":2},"end":{"line":21,"column":5}},"6":{"start":{"line":4,"column":13},"end":{"line":4,"column":28}}},"fnMap":{"0":{"name":"(anonymous_0)","decl":{"start":{"line":4,"column":28},"end":{"line":4,"column":null}},"loc":{"start":{"line":9,"column":4},"end":{"line":22,"column":1}}}},"branchMap":{"0":{"loc":{"start":{"line":10,"column":2},"end":{"line":15,"column":3}},"type":"if","locations":[{"start":{"line":10,"column":2},"end":{"line":15,"column":3}}]}},"s":{"0":1,"1":1,"2":2,"3":1,"4":1,"5":1,"6":1},"f":{"0":2},"b":{"0":[1]}}
,"/Users/dev/test-projects/book-keeper/backend/src/middleware/validateRequest.ts": {"path":"/Users/dev/test-projects/book-keeper/backend/src/middleware/validateRequest.ts","statementMap":{"0":{"start":{"line":3,"column":0},"end":{"line":3,"column":45}},"1":{"start":{"line":5,"column":31},"end":{"line":14,"column":1}},"2":{"start":{"line":6,"column":2},"end":{"line":13,"column":4}},"3":{"start":{"line":7,"column":4},"end":{"line":12,"column":5}},"4":{"start":{"line":8,"column":6},"end":{"line":8,"column":29}},"5":{"start":{"line":9,"column":6},"end":{"line":9,"column":13}},"6":{"start":{"line":11,"column":6},"end":{"line":11,"column":51}},"7":{"start":{"line":5,"column":13},"end":{"line":5,"column":31}}},"fnMap":{"0":{"name":"(anonymous_0)","decl":{"start":{"line":5,"column":31},"end":{"line":5,"column":32}},"loc":{"start":{"line":5,"column":55},"end":{"line":14,"column":1}}},"1":{"name":"(anonymous_1)","decl":{"start":{"line":6,"column":9},"end":{"line":6,"column":10}},"loc":{"start":{"line":6,"column":61},"end":{"line":13,"column":3}}}},"branchMap":{},"s":{"0":4,"1":4,"2":8,"3":5,"4":5,"5":3,"6":2,"7":4},"f":{"0":8,"1":5},"b":{}}
,"/Users/dev/test-projects/book-keeper/backend/src/swagger/swagger.ts": {"path":"/Users/dev/test-projects/book-keeper/backend/src/swagger/swagger.ts","statementMap":{"0":{"start":{"line":3,"column":13},"end":{"line":242,"column":2}}},"fnMap":{},"branchMap":{},"s":{"0":3},"f":{},"b":{}}
,"/Users/dev/test-projects/book-keeper/backend/src/utils/appError.ts": {"path":"/Users/dev/test-projects/book-keeper/backend/src/utils/appError.ts","statementMap":{"0":{"start":{"line":5,"column":4},"end":{"line":5,"column":19}},"1":{"start":{"line":6,"column":4},"end":{"line":6,"column":29}},"2":{"start":{"line":7,"column":4},"end":{"line":7,"column":52}},"3":{"start":{"line":1,"column":0},"end":{"line":1,"column":13}}},"fnMap":{"0":{"name":"(anonymous_0)","decl":{"start":{"line":4,"column":2},"end":{"line":4,"column":14}},"loc":{"start":{"line":4,"column":47},"end":{"line":8,"column":3}}}},"branchMap":{"0":{"loc":{"start":{"line":4,"column":31},"end":{"line":4,"column":47}},"type":"default-arg","locations":[{"start":{"line":4,"column":44},"end":{"line":4,"column":47}}]}},"s":{"0":8,"1":8,"2":8,"3":9},"f":{"0":8},"b":{"0":[1]}}
}
