TN:
SF:src/app.ts
FN:21,(anonymous_1)
FN:29,(anonymous_2)
FNF:2
FNH:2
FNDA:1,(anonymous_1)
FNDA:1,(anonymous_2)
DA:1,3
DA:2,3
DA:3,3
DA:4,3
DA:5,3
DA:8,3
DA:11,3
DA:12,3
DA:15,3
DA:18,3
DA:21,3
DA:22,1
DA:29,3
DA:30,1
DA:31,1
DA:33,1
DA:39,3
DA:41,3
LF:18
LH:18
BRDA:30,0,0,1
BRDA:30,0,1,0
BRDA:31,1,0,1
BRDA:31,1,1,0
BRF:4
BRH:2
end_of_record
TN:
SF:src/database.ts
FNF:0
FNH:0
DA:1,0
DA:3,0
LF:2
LH:0
BRF:0
BRH:0
end_of_record
TN:
SF:src/server.ts
FN:4,createServer
FN:5,(anonymous_2)
FN:9,(anonymous_3)
FNF:3
FNH:2
FNDA:3,createServer
FNDA:0,(anonymous_2)
FNDA:1,(anonymous_3)
DA:1,1
DA:4,1
DA:5,3
DA:6,0
DA:9,3
DA:10,1
DA:11,1
DA:14,3
DA:17,1
DA:18,0
LF:10
LH:8
BRDA:5,0,0,3
BRDA:5,0,1,2
BRDA:6,1,0,0
BRDA:6,1,1,0
BRDA:17,2,0,0
BRF:5
BRH:2
end_of_record
TN:
SF:src/api/books/books.controller.ts
FN:9,(anonymous_7)
FN:13,(anonymous_8)
FN:17,(anonymous_9)
FN:30,(anonymous_10)
FN:34,(anonymous_11)
FN:47,(anonymous_12)
FN:51,(anonymous_13)
FN:65,(anonymous_14)
FN:69,(anonymous_15)
FNF:9
FNH:9
FNDA:11,(anonymous_7)
FNDA:3,(anonymous_8)
FNDA:3,(anonymous_9)
FNDA:4,(anonymous_10)
FNDA:4,(anonymous_11)
FNDA:3,(anonymous_12)
FNDA:3,(anonymous_13)
FNDA:3,(anonymous_14)
FNDA:3,(anonymous_15)
DA:2,4
DA:6,4
DA:10,11
DA:13,11
DA:17,3
DA:18,3
DA:19,3
DA:20,3
DA:21,2
DA:26,1
DA:30,11
DA:34,4
DA:35,4
DA:36,4
DA:37,4
DA:38,3
DA:43,1
DA:47,11
DA:51,3
DA:52,3
DA:53,3
DA:54,3
DA:55,3
DA:56,2
DA:61,1
DA:65,11
DA:69,3
DA:70,3
DA:71,3
DA:72,2
DA:74,1
LF:31
LH:31
BRF:0
BRH:0
end_of_record
TN:
SF:src/api/books/books.routes.ts
FNF:0
FNH:0
DA:1,3
DA:2,3
DA:3,3
DA:4,3
DA:6,3
DA:7,3
DA:9,3
DA:10,3
DA:11,3
DA:16,3
DA:18,3
LF:11
LH:11
BRF:0
BRH:0
end_of_record
TN:
SF:src/api/books/books.schema.ts
FNF:0
FNH:0
DA:1,3
DA:3,3
DA:10,3
DA:21,3
LF:4
LH:4
BRF:0
BRH:0
end_of_record
TN:
SF:src/api/books/books.service.ts
FN:8,(anonymous_7)
FN:25,(anonymous_9)
FN:25,(anonymous_10)
FN:70,(anonymous_11)
FN:81,(anonymous_13)
FNF:5
FNH:5
FNDA:4,(anonymous_7)
FNDA:9,(anonymous_9)
FNDA:9,(anonymous_10)
FNDA:3,(anonymous_11)
FNDA:3,(anonymous_13)
DA:1,5
DA:3,5
DA:5,5
DA:7,5
DA:9,4
DA:10,4
DA:16,2
DA:18,2
DA:19,1
DA:21,1
DA:25,9
DA:26,9
DA:27,9
DA:28,9
DA:29,9
DA:30,9
DA:32,9
DA:34,9
DA:35,3
DA:40,9
DA:41,2
DA:46,9
DA:47,2
DA:54,9
DA:64,8
DA:66,1
DA:71,3
DA:72,3
DA:77,1
DA:82,3
LF:30
LH:30
BRDA:13,0,0,4
BRDA:13,0,1,0
BRDA:13,1,0,4
BRDA:13,1,1,4
BRDA:18,2,0,1
BRDA:25,3,0,0
BRDA:27,4,0,9
BRDA:27,4,1,8
BRDA:28,5,0,9
BRDA:28,5,1,8
BRDA:34,6,0,3
BRDA:34,7,0,6
BRDA:34,7,1,3
BRDA:34,8,0,9
BRDA:34,8,1,9
BRDA:40,9,0,2
BRDA:40,10,0,7
BRDA:40,10,1,2
BRDA:40,11,0,9
BRDA:40,11,1,9
BRDA:46,12,0,2
BRDA:46,13,0,7
BRDA:46,13,1,2
BRDA:46,14,0,9
BRDA:46,14,1,9
BRF:25
BRH:23
end_of_record
TN:
SF:src/database/database.ts
FN:10,connectDatabase
FN:20,disconnectDatabase
FNF:2
FNH:2
FNDA:3,connectDatabase
FNDA:1,disconnectDatabase
DA:1,2
DA:3,2
DA:10,2
DA:11,3
DA:12,3
DA:13,2
DA:15,1
DA:16,1
DA:20,2
DA:21,1
DA:24,2
DA:25,0
LF:12
LH:11
BRDA:5,0,0,0
BRDA:5,0,1,2
BRDA:24,1,0,0
BRF:3
BRH:1
end_of_record
TN:
SF:src/middleware/errorHandler.ts
FN:4,(anonymous_0)
FNF:1
FNH:1
FNDA:2,(anonymous_0)
DA:2,1
DA:4,1
DA:10,2
DA:11,1
DA:17,1
DA:18,1
LF:6
LH:6
BRDA:10,0,0,1
BRF:1
BRH:1
end_of_record
TN:
SF:src/middleware/validateRequest.ts
FN:5,(anonymous_0)
FN:6,(anonymous_1)
FNF:2
FNH:2
FNDA:8,(anonymous_0)
FNDA:5,(anonymous_1)
DA:3,4
DA:5,4
DA:6,8
DA:7,5
DA:8,5
DA:9,3
DA:11,2
LF:7
LH:7
BRF:0
BRH:0
end_of_record
TN:
SF:src/swagger/swagger.ts
FNF:0
FNH:0
DA:3,3
LF:1
LH:1
BRF:0
BRH:0
end_of_record
TN:
SF:src/utils/appError.ts
FN:4,(anonymous_0)
FNF:1
FNH:1
FNDA:8,(anonymous_0)
DA:1,9
DA:5,8
DA:6,8
DA:7,8
LF:4
LH:4
BRDA:4,0,0,1
BRF:1
BRH:1
end_of_record
